Starting build and run process at Sun Oct 13 08:44:35 PM KST 2024
Sending build context to Docker daemon  160.3kB
Step 1/13 : FROM bitnami/spark:3.1.3
 ---> 598ad5b42539
Step 2/13 : USER root
 ---> Using cache
 ---> e3fa2e931517
Step 3/13 : RUN apt-get update && apt-get install -y     wget     build-essential     zlib1g-dev     libncurses5-dev     libgdbm-dev     libnss3-dev     libssl-dev     libreadline-dev     libffi-dev     libsqlite3-dev     && rm -rf /var/lib/apt/lists/*
 ---> Using cache
 ---> 9e201aa69295
Step 4/13 : RUN wget https://www.python.org/ftp/python/3.10.0/Python-3.10.0.tgz     && tar -xf Python-3.10.0.tgz     && cd Python-3.10.0     && ./configure --enable-optimizations     && make -j $(nproc)     && make altinstall     && cd ..     && rm -rf Python-3.10.0 Python-3.10.0.tgz
 ---> Using cache
 ---> 0bbd85c2b86a
Step 5/13 : RUN python3.10 -m ensurepip     && python3.10 -m pip install --upgrade pip
 ---> Using cache
 ---> cebad2d64741
Step 6/13 : COPY requirements.txt .
 ---> Using cache
 ---> 04de3a6501fe
Step 7/13 : RUN python3.10 -m pip install --no-cache-dir -r requirements.txt
 ---> Using cache
 ---> 4cfd76c6d256
Step 8/13 : WORKDIR /app
 ---> Using cache
 ---> 7c5390347ba0
Step 9/13 : RUN mkdir -p /tmp/f1db && chown 1001:1001 /tmp/f1db
 ---> Using cache
 ---> 55e9c34335fa
Step 10/13 : COPY ./app/ .
 ---> 6b9fa3aa2622
Step 11/13 : CMD ["python3.10", "-m", "uvicorn", "main:app", "--host", "0.0.0.0", "--port", "8000"]
 ---> Running in 1dff5077c819
Removing intermediate container 1dff5077c819
 ---> c0a9ab82aea0
Step 12/13 : EXPOSE 8000
 ---> Running in ea7fdb319497
Removing intermediate container ea7fdb319497
 ---> 55d2766c9d82
Step 13/13 : USER 1001
 ---> Running in da8d0e34dd0c
Removing intermediate container da8d0e34dd0c
 ---> 2f5e9b516744
Successfully built 2f5e9b516744
Successfully tagged f1-race-data-api:latest
b647e9725b4d534def4e37cba1d01eb90950d0b26ac5e3f96fd3ef3eedfdb3db
Container is running successfully.
Access the API at http://localhost:8000
Build and run process completed at Sun Oct 13 08:44:42 PM KST 2024
